<?xml version="1.0" encoding="UTF-8"?>
<!-- Generated by org.testng.reporters.JUnitXMLReporter -->
<testsuite hostname="LAPTOP-1FN5KCAD" ignored="0"
	name="Firefox1" tests="16" failures="0"
	timestamp="14 Mar 2019 07:01:14 GMT" time="0.037" errors="0">
	<testcase name="@BeforeClass beforeTest" time="0.006"
		classname="TestCases.VariablesandBrowserParameters">
		<failure type="java.lang.IllegalStateException"
			message="The driver executable does not exist: C:\Users\dice205\eclipse-workspace\PBAL\lib\drivers\firefox\geckodriver.exe">
      <![CDATA[java.lang.IllegalStateException: The driver executable does not exist: C:\Users\dice205\eclipse-workspace\PBAL\lib\drivers\firefox\geckodriver.exe
at com.google.common.base.Preconditions.checkState(Preconditions.java:585)
at org.openqa.selenium.remote.service.DriverService.checkExecutable(DriverService.java:137)
at org.openqa.selenium.remote.service.DriverService.findExecutable(DriverService.java:132)
at org.openqa.selenium.firefox.GeckoDriverService.access$100(GeckoDriverService.java:43)
at org.openqa.selenium.firefox.GeckoDriverService$Builder.findDefaultExecutable(GeckoDriverService.java:168)
at org.openqa.selenium.remote.service.DriverService$Builder.build(DriverService.java:346)
at org.openqa.selenium.firefox.FirefoxDriver.toExecutor(FirefoxDriver.java:168)
at org.openqa.selenium.firefox.FirefoxDriver.<init>(FirefoxDriver.java:125)
at TestCases.VariablesandBrowserParameters.beforeTest(VariablesandBrowserParameters.java:125)
... Removed 26 stack frames]]>
		</failure>
	</testcase> <!-- @BeforeClass beforeTest -->
	<testcase name="Login" time="0.0"
		classname="TestCases.TestNavigationInternal">
		<skipped />
	</testcase> <!-- Login -->
	<testcase name="BrandGuidelines" time="0.0"
		classname="TestCases.TestNavigationInternal">
		<skipped />
	</testcase> <!-- BrandGuidelines -->
	<testcase name="GobackButton" time="0.0"
		classname="TestCases.TestNavigationInternal">
		<skipped />
	</testcase> <!-- GobackButton -->
	<testcase name="RequestsPage" time="0.0"
		classname="TestCases.TestNavigationInternal">
		<skipped />
	</testcase> <!-- RequestsPage -->
	<testcase name="LoadMoreButton" time="0.0"
		classname="TestCases.TestNavigationInternal">
		<skipped />
	</testcase> <!-- LoadMoreButton -->
	<testcase name="ShareRequestTab" time="0.0"
		classname="TestCases.TestNavigationInternal">
		<skipped />
	</testcase> <!-- ShareRequestTab -->
	<testcase name="CustomizationRequestTab" time="0.0"
		classname="TestCases.TestNavigationInternal">
		<skipped />
	</testcase> <!-- CustomizationRequestTab -->
	<testcase name="MyProfilePage" time="0.0"
		classname="TestCases.TestNavigationInternal">
		<skipped />
	</testcase> <!-- MyProfilePage -->
	<testcase name="GotoDashboardButton" time="0.0"
		classname="TestCases.TestNavigationInternal">
		<skipped />
	</testcase> <!-- GotoDashboardButton -->
	<testcase name="SelectSampleTags" time="0.0"
		classname="TestCases.TestNavigationInternal">
		<skipped />
	</testcase> <!-- SelectSampleTags -->
	<testcase name="RemoveSampleTags" time="0.0"
		classname="TestCases.TestNavigationInternal">
		<skipped />
	</testcase> <!-- RemoveSampleTags -->
	<testcase name="AdvanceSearchbutton" time="0.0"
		classname="TestCases.TestNavigationInternal">
		<skipped />
	</testcase> <!-- AdvanceSearchbutton -->
	<testcase name="NavigateQuickAccess" time="0.0"
		classname="TestCases.TestNavigationInternal">
		<skipped />
	</testcase> <!-- NavigateQuickAccess -->
	<testcase name="InstaGramIcon" time="0.0"
		classname="TestCases.TestNavigationInternal">
		<skipped />
	</testcase> <!-- InstaGramIcon -->
	<testcase name="FBicon" time="0.0"
		classname="TestCases.TestNavigationInternal">
		<skipped />
	</testcase> <!-- FBicon -->
	<testcase name="TwitterIcon" time="0.0"
		classname="TestCases.TestNavigationInternal">
		<skipped />
	</testcase> <!-- TwitterIcon -->
</testsuite> <!-- Firefox1 -->
